<?xml version="1.0" encoding="UTF-8"?>
<!-- Generated by org.testng.reporters.JUnitReportReporter -->
<testsuite hostname="Nams-iMac-2.local" name="com.nvg.anibis.testcases.nativeapp.SearchTest" tests="1" failures="0" timestamp="30 Dec 2015 10:37:56 GMT" time="10.384" errors="0">
  <testcase name="searchKeyWordOneWord" time="10.384" classname="com.nvg.anibis.testcases.nativeapp.SearchTest"/>
</testsuite> <!-- com.nvg.anibis.testcases.nativeapp.SearchTest -->
