<?xml version="1.0" encoding="UTF-8"?>
<!-- Generated by org.testng.reporters.JUnitReportReporter -->
<testsuite hostname="Nams-iMac-2.local" name="com.nvg.anibis.testcases.nativeapp.HomeScreenTest" tests="1" failures="0" timestamp="25 Dec 2015 05:22:35 GMT" time="1.952" errors="0">
  <testcase name="validateHomeScreenTest" time="1.952" classname="com.nvg.anibis.testcases.nativeapp.HomeScreenTest"/>
</testsuite> <!-- com.nvg.anibis.testcases.nativeapp.HomeScreenTest -->
