<?xml version="1.0" encoding="UTF-8"?>
<!-- Generated by org.testng.reporters.JUnitReportReporter -->
<testsuite hostname="Nams-iMac-2.local" name="com.nvg.anibis.testcases.nativeapp.AccountTest" tests="1" failures="0" timestamp="4 Jan 2016 10:38:21 GMT" time="21.470" errors="0">
  <testcase name="validLogInTest" time="21.470" classname="com.nvg.anibis.testcases.nativeapp.AccountTest"/>
</testsuite> <!-- com.nvg.anibis.testcases.nativeapp.AccountTest -->
